<?xml version="1.0" encoding="UTF-8"?>
<!-- Generated by org.testng.reporters.JUnitXMLReporter -->
<testsuite hostname="SUBHASIS-PC" ignored="0" name="Default test" tests="3" failures="0" timestamp="2019-09-20T20:30:07 IST" time="0.593" errors="0">
  <testcase name="createCustomerTest" time="0.0" classname="com.actitime.genericlibrary.FileLib"/>
  <testcase name="createCustomerTest" time="0.0" classname="com.actitime.genericlibrary.FileLib"/>
  <testcase name="createCustomerTest" time="0.0" classname="com.actitime.genericlibrary.FileLib"/>
</testsuite> <!-- Default test -->
