<?xml version="1.0" encoding="UTF-8"?>
<!-- Generated by org.testng.reporters.JUnitXMLReporter -->
<testsuite hostname="SUBHASIS-PC" ignored="0" name="Test" tests="4" failures="0" timestamp="2019-09-20T20:32:14 IST" time="43.715" errors="0">
  <testcase name="homePageTest" time="0.007" classname="com.actitime.homeTest.HomeTest"/>
  <testcase name="createCustomerTest" time="3.29" classname="com.actitime.taskTest.TaskTest"/>
  <testcase name="createCustomerTest" time="2.405" classname="com.actitime.taskTest.TaskTest"/>
  <testcase name="createCustomerTest" time="2.721" classname="com.actitime.taskTest.TaskTest"/>
</testsuite> <!-- Test -->
